src\core\mcp\hub.py:541: error: Incompatible types in assignment (expression has type "dict[str, str]", target has type "list[str] | str")  [assignment]
src\core\tool_manager.py:171: note: By default the bodies of untyped functions are not checked, consider using --check-untyped-defs  [annotation-unchecked]
src\core\models\manager.py:412: error: Returning Any from function declared to return "object | None"  [no-any-return]
src\core\models\manager.py:555: error: Library stubs not installed for "requests"  [import-untyped]
src\core\models\manager.py:555: note: Hint: "python3 -m pip install types-requests"
src\core\models\manager.py:555: note: (or run "mypy --install-types" to install all missing stub packages)
src\core\models\manager.py:555: note: See https://mypy.readthedocs.io/en/stable/running_mypy.html#missing-imports
src\core\models\manager.py:962: error: Returning Any from function declared to return "bool"  [no-any-return]
src\core\models\manager.py:979: error: Returning Any from function declared to return "str | None"  [no-any-return]
src\core\llm\process_manager.py:21: note: By default the bodies of untyped functions are not checked, consider using --check-untyped-defs  [annotation-unchecked]
src\core\download\manager.py:175: error: Argument 1 to "on_progress" of "ModelManager" has incompatible type "Callable[[src.core.download.types.ProgressEvent], None]"; expected "Callable[[src.core.models.types.ProgressEvent], None]"  [arg-type]
src\core\download\manager.py:257: error: Argument 1 to "get_active_model" of "ModelManager" has incompatible type "src.core.download.types.ModelPool"; expected "src.core.models.types.ModelPool"  [arg-type]
src\core\download\manager.py:358: error: Incompatible types in assignment (expression has type "DownloadResult", variable has type "InstallResult")  [assignment]
src\core\download\manager.py:361: error: Argument "role" to "download_from_huggingface" of "ModelManager" has incompatible type "src.core.download.types.ModelPool"; expected "src.core.models.types.ModelPool"  [arg-type]
src\core\download\manager.py:394: error: Argument 1 to "get_model_path" of "ModelManager" has incompatible type "src.core.download.types.ModelPool"; expected "src.core.models.types.ModelPool"  [arg-type]
src\tepora_server\api\setup.py:28: note: By default the bodies of untyped functions are not checked, consider using --check-untyped-defs  [annotation-unchecked]
src\tepora_server\api\setup.py:29: note: By default the bodies of untyped functions are not checked, consider using --check-untyped-defs  [annotation-unchecked]
src\tepora_server\api\setup.py:30: note: By default the bodies of untyped functions are not checked, consider using --check-untyped-defs  [annotation-unchecked]
src\core\app\core.py:49: note: By default the bodies of untyped functions are not checked, consider using --check-untyped-defs  [annotation-unchecked]
src\core\app\core.py:50: note: By default the bodies of untyped functions are not checked, consider using --check-untyped-defs  [annotation-unchecked]
src\core\app\core.py:51: note: By default the bodies of untyped functions are not checked, consider using --check-untyped-defs  [annotation-unchecked]
src\core\app\core.py:52: note: By default the bodies of untyped functions are not checked, consider using --check-untyped-defs  [annotation-unchecked]
src\core\app\core.py:53: note: By default the bodies of untyped functions are not checked, consider using --check-untyped-defs  [annotation-unchecked]
src\core\app\core.py:54: note: By default the bodies of untyped functions are not checked, consider using --check-untyped-defs  [annotation-unchecked]
src\core\app\core.py:55: note: By default the bodies of untyped functions are not checked, consider using --check-untyped-defs  [annotation-unchecked]
src\tepora_server\state.py:29: note: By default the bodies of untyped functions are not checked, consider using --check-untyped-defs  [annotation-unchecked]
Found 10 errors in 3 files (checked 84 source files)
