src\core\config\schema.py:464: error: Returning Any from function declared to return "dict[str, Any | None]"  [no-any-return]
src\core\config\loader.py:8: error: Library stubs not installed for "yaml"  [import-untyped]
src\core\config\loader.py:8: note: Hint: "python3 -m pip install types-PyYAML"
src\core\config\loader.py:8: note: (or run "mypy --install-types" to install all missing stub packages)
src\core\config\loader.py:8: note: See https://mypy.readthedocs.io/en/stable/running_mypy.html#missing-imports
src\core\config\service.py:16: error: Library stubs not installed for "yaml"  [import-untyped]
src\core\config\agents.py:36: error: Returning Any from function declared to return "dict[Any, Any] | None"  [no-any-return]
src\core\config\agents.py:41: error: Returning Any from function declared to return "dict[Any, Any] | None"  [no-any-return]
src\core\memory\memory_system.py:90: error: List item 0 has incompatible type "Any | str | None"; expected "str"  [list-item]
src\core\mcp\hub.py:541: error: Incompatible types in assignment (expression has type "dict[str, str]", target has type "list[str] | str")  [assignment]
src\core\models\config.py:93: error: Returning Any from function declared to return "Path | None"  [no-any-return]
src\core\models\config.py:166: error: Returning Any from function declared to return "Path | None"  [no-any-return]
src\core\tool_manager.py:171: note: By default the bodies of untyped functions are not checked, consider using --check-untyped-defs  [annotation-unchecked]
src\core\models\manager.py:73: error: Returning Any from function declared to return "str | None"  [no-any-return]
src\core\models\manager.py:74: error: Returning Any from function declared to return "str | None"  [no-any-return]
src\core\models\manager.py:410: error: Returning Any from function declared to return "object | None"  [no-any-return]
src\core\models\manager.py:960: error: Returning Any from function declared to return "bool"  [no-any-return]
src\core\models\manager.py:977: error: Returning Any from function declared to return "str | None"  [no-any-return]
src\core\graph\nodes\react.py:282: error: Item "None" of "dict[Any, Any] | None" has no attribute "get"  [union-attr]
src\core\llm\process_manager.py:21: note: By default the bodies of untyped functions are not checked, consider using --check-untyped-defs  [annotation-unchecked]
src\core\llm\process_manager.py:63: error: Returning Any from function declared to return "int"  [no-any-return]
src\core\llm\model_registry.py:113: error: Returning Any from function declared to return "Path"  [no-any-return]
src\core\llm\model_registry.py:132: error: Returning Any from function declared to return "Path | None"  [no-any-return]
src\core\download\manager.py:175: error: Argument 1 to "on_progress" of "ModelManager" has incompatible type "Callable[[src.core.download.types.ProgressEvent], None]"; expected "Callable[[src.core.models.types.ProgressEvent], None]"  [arg-type]
src\core\download\manager.py:257: error: Argument 1 to "get_active_model" of "ModelManager" has incompatible type "src.core.download.types.ModelPool"; expected "src.core.models.types.ModelPool"  [arg-type]
src\core\download\manager.py:358: error: Incompatible types in assignment (expression has type "DownloadResult", variable has type "InstallResult")  [assignment]
src\core\download\manager.py:361: error: Argument "role" to "download_from_huggingface" of "ModelManager" has incompatible type "src.core.download.types.ModelPool"; expected "src.core.models.types.ModelPool"  [arg-type]
src\core\download\manager.py:394: error: Argument 1 to "get_model_path" of "ModelManager" has incompatible type "src.core.download.types.ModelPool"; expected "src.core.models.types.ModelPool"  [arg-type]
src\tepora_server\api\setup.py:28: note: By default the bodies of untyped functions are not checked, consider using --check-untyped-defs  [annotation-unchecked]
src\tepora_server\api\setup.py:29: note: By default the bodies of untyped functions are not checked, consider using --check-untyped-defs  [annotation-unchecked]
src\tepora_server\api\setup.py:30: note: By default the bodies of untyped functions are not checked, consider using --check-untyped-defs  [annotation-unchecked]
src\core\app\core.py:49: note: By default the bodies of untyped functions are not checked, consider using --check-untyped-defs  [annotation-unchecked]
src\core\app\core.py:50: note: By default the bodies of untyped functions are not checked, consider using --check-untyped-defs  [annotation-unchecked]
src\core\app\core.py:51: note: By default the bodies of untyped functions are not checked, consider using --check-untyped-defs  [annotation-unchecked]
src\core\app\core.py:52: note: By default the bodies of untyped functions are not checked, consider using --check-untyped-defs  [annotation-unchecked]
src\core\app\core.py:53: note: By default the bodies of untyped functions are not checked, consider using --check-untyped-defs  [annotation-unchecked]
src\core\app\core.py:54: note: By default the bodies of untyped functions are not checked, consider using --check-untyped-defs  [annotation-unchecked]
src\core\app\core.py:55: note: By default the bodies of untyped functions are not checked, consider using --check-untyped-defs  [annotation-unchecked]
src\tepora_server\state.py:29: note: By default the bodies of untyped functions are not checked, consider using --check-untyped-defs  [annotation-unchecked]
src\tepora_server\state.py:133: error: Returning Any from function declared to return "AppState"  [no-any-return]
src\tepora_server\state.py:146: error: Returning Any from function declared to return "AppState"  [no-any-return]
src\tepora_server\api\ws.py:88: error: Returning Any from function declared to return "bool"  [no-any-return]
src\tepora_server\api\mcp_routes.py:581: error: Returning Any from function declared to return "dict[str, Any]"  [no-any-return]
Found 27 errors in 15 files (checked 84 source files)
