src\core\embedding_provider.py:18: error: Returning Any from function declared to return "list[list[float]]"  [no-any-return]
src\core\config\schema.py:464: error: Returning Any from function declared to return "dict[str, Any | None]"  [no-any-return]
src\core\memory\chroma_store.py:53: error: Returning Any from function declared to return "dict[str, Any]"  [no-any-return]
src\core\memory\chroma_store.py:58: error: Returning Any from function declared to return "int"  [no-any-return]
src\core\graph\routing.py:40: error: Incompatible return value type (got "str", expected "Literal['agent_mode', 'search', 'direct_answer', 'stats']")  [return-value]
src\core\graph\routing.py:43: error: Incompatible return value type (got "str", expected "Literal['agent_mode', 'search', 'direct_answer', 'stats']")  [return-value]
src\core\graph\routing.py:46: error: Incompatible return value type (got "str", expected "Literal['agent_mode', 'search', 'direct_answer', 'stats']")  [return-value]
src\core\graph\routing.py:49: error: Incompatible return value type (got "str", expected "Literal['agent_mode', 'search', 'direct_answer', 'stats']")  [return-value]
src\core\em_llm\segmenter.py:101: error: Returning Any from function declared to return "list[str]"  [no-any-return]
src\core\em_llm\boundary.py:78: error: Returning Any from function declared to return "float"  [no-any-return]
src\core\llm\executable.py:73: error: Argument "key" to "max" has incompatible type overloaded function; expected "Callable[[Path], SupportsDunderLT[Any] | SupportsDunderGT[Any]]"  [arg-type]
src\core\config\loader.py:205: error: Incompatible return value type (got "TeporaSettings | None", expected "TeporaSettings")  [return-value]
src\core\config\service.py:259: error: Item "None" of "dict[str, Any] | None" has no attribute "get"  [union-attr]
src\core\config\agents.py:36: error: Returning Any from function declared to return "dict[Any, Any] | None"  [no-any-return]
src\core\config\agents.py:41: error: Returning Any from function declared to return "dict[Any, Any] | None"  [no-any-return]
src\core\memory\memory_system.py:90: error: List item 0 has incompatible type "Any | str | None"; expected "str"  [list-item]
src\core\mcp\hub.py:541: error: Incompatible types in assignment (expression has type "dict[str, str]", target has type "list[str] | str")  [assignment]
src\core\download\binary.py:693: error: Incompatible types in assignment (expression has type "ZipInfo", variable has type "TarInfo")  [assignment]
src\core\download\binary.py:695: error: "TarInfo" has no attribute "filename"  [attr-defined]
src\core\download\binary.py:706: error: "TarInfo" has no attribute "filename"  [attr-defined]
src\core\download\binary.py:709: error: "TarInfo" has no attribute "filename"  [attr-defined]
src\core\download\binary.py:712: error: Argument 1 to "extract" of "ZipFile" has incompatible type "TarInfo"; expected "str | ZipInfo"  [arg-type]
src\core\models\config.py:93: error: Returning Any from function declared to return "Path | None"  [no-any-return]
src\core\models\config.py:166: error: Returning Any from function declared to return "Path | None"  [no-any-return]
src\core\graph\nodes\em_llm.py:30: error: Incompatible default for argument "prof_em_llm_integrator" (default has type "None", argument has type "EMLLMIntegrator")  [assignment]
src\core\graph\nodes\em_llm.py:30: note: PEP 484 prohibits implicit Optional. Accordingly, mypy has changed its default to no_implicit_optional=True
src\core\graph\nodes\em_llm.py:30: note: Use https://github.com/hauntsaninja/no_implicit_optional to automatically upgrade your codebase
src\core\tool_manager.py:171: note: By default the bodies of untyped functions are not checked, consider using --check-untyped-defs  [annotation-unchecked]
src\core\models\manager.py:73: error: Returning Any from function declared to return "str | None"  [no-any-return]
src\core\models\manager.py:74: error: Returning Any from function declared to return "str | None"  [no-any-return]
src\core\models\manager.py:410: error: Returning Any from function declared to return "object | None"  [no-any-return]
src\core\models\manager.py:960: error: Returning Any from function declared to return "bool"  [no-any-return]
src\core\models\manager.py:977: error: Returning Any from function declared to return "str | None"  [no-any-return]
src\core\graph\em_llm_core.py:42: error: Incompatible default for argument "prof_em_llm_integrator" (default has type "None", argument has type "EMLLMIntegrator")  [assignment]
src\core\graph\em_llm_core.py:42: note: PEP 484 prohibits implicit Optional. Accordingly, mypy has changed its default to no_implicit_optional=True
src\core\graph\em_llm_core.py:42: note: Use https://github.com/hauntsaninja/no_implicit_optional to automatically upgrade your codebase
src\core\graph\nodes\react.py:282: error: Item "None" of "dict[Any, Any] | None" has no attribute "get"  [union-attr]
src\core\graph\nodes\react.py:320: error: Need type annotation for "tool_messages" (hint: "tool_messages: list[<type>] = ...")  [var-annotated]
src\core\graph\nodes\react.py:343: error: Incompatible default for argument "config" (default has type "None", argument has type "dict[Any, Any]")  [assignment]
src\core\graph\nodes\react.py:343: note: PEP 484 prohibits implicit Optional. Accordingly, mypy has changed its default to no_implicit_optional=True
src\core\graph\nodes\react.py:343: note: Use https://github.com/hauntsaninja/no_implicit_optional to automatically upgrade your codebase
src\core\graph\nodes\conversation.py:72: error: Returning Any from function declared to return "str | None"  [no-any-return]
src\core\graph\nodes\conversation.py:119: error: Need type annotation for "local_context" (hint: "local_context: list[<type>] = ...")  [var-annotated]
src\core\graph\nodes\conversation.py:202: error: "object" has no attribute "embed_query"  [attr-defined]
src\core\graph\nodes\conversation.py:217: error: "object" has no attribute "embed_documents"  [attr-defined]
src\core\graph\nodes\conversation.py:353: error: Argument 1 to "join" of "str" has incompatible type "list[str | None]"; expected "Iterable[str]"  [arg-type]
src\core\graph\nodes\conversation.py:564: error: Argument "skip_web_search" to "_collect_rag_chunks" of "ConversationNodes" has incompatible type "object"; expected "bool"  [arg-type]
src\core\graph\nodes\conversation.py:658: error: Argument 1 to "len" has incompatible type "str | None"; expected "Sized"  [arg-type]
src\core\graph\nodes\conversation.py:660: error: Value of type "str | None" is not indexable  [index]
src\core\llm\process_manager.py:21: note: By default the bodies of untyped functions are not checked, consider using --check-untyped-defs  [annotation-unchecked]
src\core\llm\process_manager.py:63: error: Returning Any from function declared to return "int"  [no-any-return]
src\core\llm\model_registry.py:20: error: Cannot assign to a type  [misc]
src\core\llm\model_registry.py:20: error: Incompatible types in assignment (expression has type "None", variable has type "type[ModelManager]")  [assignment]
src\core\llm\model_registry.py:21: error: Cannot assign to a type  [misc]
src\core\llm\model_registry.py:21: error: Incompatible types in assignment (expression has type "None", variable has type "type[ModelPool]")  [assignment]
src\core\llm\model_registry.py:64: error: Function "ModelPool" could always be true in boolean context  [truthy-function]
src\core\llm\model_registry.py:105: error: Returning Any from function declared to return "Path"  [no-any-return]
src\core\llm\model_registry.py:124: error: Returning Any from function declared to return "Path | None"  [no-any-return]
src\core\graph\core.py:105: error: Incompatible default for argument "config" (default has type "None", argument has type "dict[Any, Any]")  [assignment]
src\core\graph\core.py:105: note: PEP 484 prohibits implicit Optional. Accordingly, mypy has changed its default to no_implicit_optional=True
src\core\graph\core.py:105: note: Use https://github.com/hauntsaninja/no_implicit_optional to automatically upgrade your codebase
src\core\download\manager.py:175: error: Argument 1 to "on_progress" of "ModelManager" has incompatible type "Callable[[src.core.download.types.ProgressEvent], None]"; expected "Callable[[src.core.models.types.ProgressEvent], None]"  [arg-type]
src\core\download\manager.py:257: error: Argument 1 to "get_active_model" of "ModelManager" has incompatible type "src.core.download.types.ModelPool"; expected "src.core.models.types.ModelPool"  [arg-type]
src\core\download\manager.py:358: error: Incompatible types in assignment (expression has type "DownloadResult", variable has type "InstallResult")  [assignment]
src\core\download\manager.py:361: error: Argument "role" to "download_from_huggingface" of "ModelManager" has incompatible type "src.core.download.types.ModelPool"; expected "src.core.models.types.ModelPool"  [arg-type]
src\core\download\manager.py:394: error: Argument 1 to "get_model_path" of "ModelManager" has incompatible type "src.core.download.types.ModelPool"; expected "src.core.models.types.ModelPool"  [arg-type]
src\core\llm_manager.py:25: error: Cannot assign to a type  [misc]
src\core\llm_manager.py:25: error: Incompatible types in assignment (expression has type "None", variable has type "type[DownloadManager]")  [assignment]
src\core\llm_manager.py:30: error: Cannot assign to a type  [misc]
src\core\llm_manager.py:30: error: Incompatible types in assignment (expression has type "None", variable has type "type[ModelManager]")  [assignment]
src\core\llm_manager.py:63: error: Need type annotation for "_model_locks"  [var-annotated]
src\core\llm_manager.py:70: error: Incompatible types in assignment (expression has type "Any | None", variable has type "ModelManager")  [assignment]
src\core\llm_manager.py:72: error: Incompatible types in assignment (expression has type "None", variable has type "ModelManager")  [assignment]
src\core\llm_manager.py:120: error: "object" has no attribute "n_ctx"  [attr-defined]
src\core\llm_manager.py:121: error: "object" has no attribute "n_gpu_layers"  [attr-defined]
src\core\llm_manager.py:169: error: Incompatible types in assignment (expression has type "str", variable has type "None")  [assignment]
src\core\llm_manager.py:199: error: Incompatible types in assignment (expression has type "str", variable has type "None")  [assignment]
src\core\llm_manager.py:281: error: Incompatible types in assignment (expression has type "str", variable has type "None")  [assignment]
src\core\llm_manager.py:311: error: Incompatible types in assignment (expression has type "str", variable has type "None")  [assignment]
src\tepora_server\api\setup.py:28: note: By default the bodies of untyped functions are not checked, consider using --check-untyped-defs  [annotation-unchecked]
src\tepora_server\api\setup.py:29: note: By default the bodies of untyped functions are not checked, consider using --check-untyped-defs  [annotation-unchecked]
src\tepora_server\api\setup.py:30: note: By default the bodies of untyped functions are not checked, consider using --check-untyped-defs  [annotation-unchecked]
src\core\app\core.py:49: note: By default the bodies of untyped functions are not checked, consider using --check-untyped-defs  [annotation-unchecked]
src\core\app\core.py:50: note: By default the bodies of untyped functions are not checked, consider using --check-untyped-defs  [annotation-unchecked]
src\core\app\core.py:51: note: By default the bodies of untyped functions are not checked, consider using --check-untyped-defs  [annotation-unchecked]
src\core\app\core.py:52: note: By default the bodies of untyped functions are not checked, consider using --check-untyped-defs  [annotation-unchecked]
src\core\app\core.py:53: note: By default the bodies of untyped functions are not checked, consider using --check-untyped-defs  [annotation-unchecked]
src\core\app\core.py:54: note: By default the bodies of untyped functions are not checked, consider using --check-untyped-defs  [annotation-unchecked]
src\core\app\core.py:55: note: By default the bodies of untyped functions are not checked, consider using --check-untyped-defs  [annotation-unchecked]
src\core\app\core.py:323: error: Incompatible types in assignment (expression has type "bool", target has type "list[dict[Any, Any]]")  [assignment]
src\core\app\core.py:326: error: Item "None" of "ChatHistoryManager | None" has no attribute "get_history"  [union-attr]
src\core\app\core.py:355: error: Item "None" of "ChatHistoryManager | None" has no attribute "overwrite_history"  [union-attr]
src\core\app\core.py:357: error: Item "None" of "ChatHistoryManager | None" has no attribute "add_messages"  [union-attr]
src\core\app\core.py:366: error: Item "None" of "ChatHistoryManager | None" has no attribute "touch_session"  [union-attr]
src\core\app\core.py:367: error: Item "None" of "ChatHistoryManager | None" has no attribute "trim_history"  [union-attr]
src\core\app\core.py:371: error: Need type annotation for "stats"  [var-annotated]
src\tepora_server\state.py:29: note: By default the bodies of untyped functions are not checked, consider using --check-untyped-defs  [annotation-unchecked]
src\tepora_server\state.py:133: error: Returning Any from function declared to return "AppState"  [no-any-return]
src\tepora_server\state.py:146: error: Returning Any from function declared to return "AppState"  [no-any-return]
src\tepora_server\api\ws.py:88: error: Returning Any from function declared to return "bool"  [no-any-return]
src\tepora_server\api\mcp_routes.py:581: error: Returning Any from function declared to return "dict[str, Any]"  [no-any-return]
Found 80 errors in 28 files (checked 84 source files)
